<?xml version="1.0" encoding="UTF-8"?>
<!-- Generated by org.testng.reporters.JUnitXMLReporter -->
<testsuite hostname="LAPTOP-COQHVDGR" ignored="1" name="Test" tests="33" failures="22" timestamp="07 May 2021 06:44:01 GMT" time="2.251" errors="0">
  <testcase name="verifyUrl" time="0.012" classname="com.JBK_1.Log_In_Page">
    <failure type="java.lang.NullPointerException">
      <![CDATA[java.lang.NullPointerException
	at com.JBK_1.Log_In_Page.verifyUrl(Log_In_Page.java:31)
... Removed 25 stack frames]]>
    </failure>
  </testcase> <!-- verifyUrl -->
  <testcase name="verifyTitle" time="0.001" classname="com.JBK_1.Log_In_Page">
    <failure type="java.lang.NullPointerException">
      <![CDATA[java.lang.NullPointerException
	at com.JBK_1.Log_In_Page.verifyTitle(Log_In_Page.java:39)
... Removed 25 stack frames]]>
    </failure>
  </testcase> <!-- verifyTitle -->
  <testcase name="verifyLogo" time="0.106" classname="com.JBK_1.Log_In_Page"/>
  <testcase name="verifyLogo" time="0.002" classname="com.JBK_1.Log_In_Page">
    <failure type="java.lang.NullPointerException">
      <![CDATA[java.lang.NullPointerException
	at com.JBK_1.Log_In_Page.verifyLogo(Log_In_Page.java:47)
... Removed 25 stack frames]]>
    </failure>
  </testcase> <!-- verifyLogo -->
  <testcase name="verifyMainHeading" time="0.06" classname="com.JBK_1.Log_In_Page"/>
  <testcase name="verifyMainHeading" time="0.001" classname="com.JBK_1.Log_In_Page">
    <failure type="java.lang.NullPointerException">
      <![CDATA[java.lang.NullPointerException
	at com.JBK_1.Log_In_Page.verifyMainHeading(Log_In_Page.java:62)
... Removed 25 stack frames]]>
    </failure>
  </testcase> <!-- verifyMainHeading -->
  <testcase name="verifySubHeading" time="0.057" classname="com.JBK_1.Log_In_Page"/>
  <testcase name="verifySubHeading" time="0.002" classname="com.JBK_1.Log_In_Page">
    <failure type="java.lang.NullPointerException">
      <![CDATA[java.lang.NullPointerException
	at com.JBK_1.Log_In_Page.verifySubHeading(Log_In_Page.java:73)
... Removed 25 stack frames]]>
    </failure>
  </testcase> <!-- verifySubHeading -->
  <testcase name="verifySignInBoxHeading" time="0.052" classname="com.JBK_1.Log_In_Page"/>
  <testcase name="verifySignInBoxHeading" time="0.002" classname="com.JBK_1.Log_In_Page">
    <failure type="java.lang.NullPointerException">
      <![CDATA[java.lang.NullPointerException
	at com.JBK_1.Log_In_Page.verifySignInBoxHeading(Log_In_Page.java:84)
... Removed 25 stack frames]]>
    </failure>
  </testcase> <!-- verifySignInBoxHeading -->
  <testcase name="verifyPlaceholders" time="0.002" classname="com.JBK_1.Log_In_Page">
    <failure type="java.lang.NullPointerException">
      <![CDATA[java.lang.NullPointerException
	at com.JBK_1.Log_In_Page.verifyPlaceholders(Log_In_Page.java:95)
... Removed 25 stack frames]]>
    </failure>
  </testcase> <!-- verifyPlaceholders -->
  <testcase name="verifyValidLogIn" time="0.816" classname="com.JBK_1.Log_In_Page"/>
  <testcase name="verifyValidLogIn" time="0.001" classname="com.JBK_1.Log_In_Page">
    <failure type="java.lang.NullPointerException">
      <![CDATA[java.lang.NullPointerException
	at com.JBK_1.Log_In_Page.verifyValidLogIn(Log_In_Page.java:113)
... Removed 25 stack frames]]>
    </failure>
  </testcase> <!-- verifyValidLogIn -->
  <testcase name="verifyLogoutSuccessfullyMessage" time="0.062" classname="com.JBK_1.Log_In_Page"/>
  <testcase name="verifyLogoutSuccessfullyMessage" time="0.002" classname="com.JBK_1.Log_In_Page">
    <failure type="java.lang.NullPointerException">
      <![CDATA[java.lang.NullPointerException
	at com.JBK_1.Log_In_Page.verifyLogoutSuccessfullyMessage(Log_In_Page.java:127)
... Removed 25 stack frames]]>
    </failure>
  </testcase> <!-- verifyLogoutSuccessfullyMessage -->
  <testcase name="verifyInvalidLogIn" time="0.373" classname="com.JBK_1.Log_In_Page"/>
  <testcase name="verifyInvalidLogIn" time="0.002" classname="com.JBK_1.Log_In_Page">
    <failure type="java.lang.NullPointerException">
      <![CDATA[java.lang.NullPointerException
	at com.JBK_1.Log_In_Page.verifyInvalidLogIn(Log_In_Page.java:136)
... Removed 25 stack frames]]>
    </failure>
  </testcase> <!-- verifyInvalidLogIn -->
  <testcase name="verifyInvalidLogInErrorMessage" time="0.069" classname="com.JBK_1.Log_In_Page"/>
  <testcase name="verifyInvalidLogInErrorMessage" time="0.001" classname="com.JBK_1.Log_In_Page">
    <failure type="java.lang.NullPointerException">
      <![CDATA[java.lang.NullPointerException
	at com.JBK_1.Log_In_Page.verifyInvalidLogInErrorMessage(Log_In_Page.java:149)
... Removed 25 stack frames]]>
    </failure>
  </testcase> <!-- verifyInvalidLogInErrorMessage -->
  <testcase name="verifyBlankLogInErrorMessage" time="0.286" classname="com.JBK_1.Log_In_Page"/>
  <testcase name="verifyBlankLogInErrorMessage" time="0.002" classname="com.JBK_1.Log_In_Page">
    <failure type="java.lang.NullPointerException">
      <![CDATA[java.lang.NullPointerException
	at com.JBK_1.Log_In_Page.verifyBlankLogInErrorMessage(Log_In_Page.java:167)
... Removed 25 stack frames]]>
    </failure>
  </testcase> <!-- verifyBlankLogInErrorMessage -->
  <testcase name="verifyRegisterLinkText" time="0.042" classname="com.JBK_1.Log_In_Page"/>
  <testcase name="verifyRegisterLinkText" time="0.001" classname="com.JBK_1.Log_In_Page">
    <failure type="java.lang.NullPointerException">
      <![CDATA[java.lang.NullPointerException
	at com.JBK_1.Log_In_Page.verifyRegisterLinkText(Log_In_Page.java:189)
... Removed 25 stack frames]]>
    </failure>
  </testcase> <!-- verifyRegisterLinkText -->
  <testcase name="verifyRegisterLink" time="0.151" classname="com.JBK_1.Log_In_Page"/>
  <testcase name="verifyRegisterLink" time="0.002" classname="com.JBK_1.Log_In_Page">
    <failure type="java.lang.NullPointerException">
      <![CDATA[java.lang.NullPointerException
	at com.JBK_1.Log_In_Page.verifyRegisterLink(Log_In_Page.java:200)
... Removed 25 stack frames]]>
    </failure>
  </testcase> <!-- verifyRegisterLink -->
  <testcase name="verifyUrl" time="0.001" classname="com.JBK_1.Registration_Page">
    <failure type="java.lang.NullPointerException">
      <![CDATA[java.lang.NullPointerException
	at com.JBK_1.Registration_Page.verifyUrl(Registration_Page.java:32)
... Removed 25 stack frames]]>
    </failure>
  </testcase> <!-- verifyUrl -->
  <testcase name="verifyTitle" time="0.0" classname="com.JBK_1.Registration_Page">
    <failure type="java.lang.NullPointerException">
      <![CDATA[java.lang.NullPointerException
	at com.JBK_1.Registration_Page.verifyTitle(Registration_Page.java:41)
... Removed 25 stack frames]]>
    </failure>
  </testcase> <!-- verifyTitle -->
  <testcase name="verifyHeading" time="0.001" classname="com.JBK_1.Registration_Page">
    <failure type="java.lang.NullPointerException">
      <![CDATA[java.lang.NullPointerException
	at com.JBK_1.Registration_Page.verifyHeading(Registration_Page.java:49)
... Removed 25 stack frames]]>
    </failure>
  </testcase> <!-- verifyHeading -->
  <testcase name="verifyAlreadyMemberText" time="0.003" classname="com.JBK_1.Registration_Page">
    <failure type="java.lang.NullPointerException">
      <![CDATA[java.lang.NullPointerException
	at com.JBK_1.Registration_Page.verifyAlreadyMemberText(Registration_Page.java:60)
... Removed 25 stack frames]]>
    </failure>
  </testcase> <!-- verifyAlreadyMemberText -->
  <testcase name="verifyAlreadyMemberLink" time="0.001" classname="com.JBK_1.Registration_Page">
    <failure type="java.lang.NullPointerException">
      <![CDATA[java.lang.NullPointerException
	at com.JBK_1.Registration_Page.verifyAlreadyMemberLink(Registration_Page.java:71)
... Removed 25 stack frames]]>
    </failure>
  </testcase> <!-- verifyAlreadyMemberLink -->
  <testcase name="verifyPlaceholders" time="0.001" classname="com.JBK_1.Registration_Page">
    <failure type="java.lang.NullPointerException">
      <![CDATA[java.lang.NullPointerException
	at com.JBK_1.Registration_Page.verifyPlaceholders(Registration_Page.java:83)
... Removed 25 stack frames]]>
    </failure>
  </testcase> <!-- verifyPlaceholders -->
  <testcase name="verifyBlankSignIn" time="0.001" classname="com.JBK_1.Registration_Page">
    <failure type="java.lang.NullPointerException">
      <![CDATA[java.lang.NullPointerException
	at com.JBK_1.Registration_Page.verifyBlankSignIn(Registration_Page.java:103)
... Removed 25 stack frames]]>
    </failure>
  </testcase> <!-- verifyBlankSignIn -->
  <testcase name="verifyValidSignIn" time="0.001" classname="com.JBK_1.Registration_Page">
    <failure type="java.lang.NullPointerException">
      <![CDATA[java.lang.NullPointerException
	at com.JBK_1.Registration_Page.verifyValidSignIn(Registration_Page.java:125)
... Removed 25 stack frames]]>
    </failure>
  </testcase> <!-- verifyValidSignIn -->
  <testcase name="@BeforeSuite LoginPage" time="0.0" classname="com.JBK_1.Log_In_Page">
    <ignored/>
  </testcase> <!-- @BeforeSuite LoginPage -->
</testsuite> <!-- Test -->
