<?xml version="1.0" encoding="UTF-8"?>
<!-- Generated by org.testng.reporters.JUnitXMLReporter -->
<testsuite hostname="LAPTOP-COQHVDGR" ignored="0" name="ATest" tests="14" failures="0" timestamp="02 May 2021 14:41:28 GMT" time="52.272" errors="0">
  <testcase name="verifyLogo" time="4.153" classname="com.jbk.login_page.Logo"/>
  <testcase name="verifyHeading" time="3.004" classname="com.jbk.login_page.Heading"/>
  <testcase name="verifySignInBoxHeading" time="3.222" classname="com.jbk.login_page.SignInBoxHeading"/>
  <testcase name="verifyUrl" time="3.042" classname="com.jbk.login_page.Url"/>
  <testcase name="verifyValidLogIn" time="5.02" classname="com.jbk.login_page.ValidEmailAndPassword"/>
  <testcase name="verifyRegisterLinkText" time="3.126" classname="com.jbk.login_page.RegisterLinkText"/>
  <testcase name="verifySubHeading" time="2.826" classname="com.jbk.login_page.SubHeading"/>
  <testcase name="verifyInvalidLogIn" time="3.369" classname="com.jbk.login_page.InvalidEmailAndPassword"/>
  <testcase name="verifyPlaceholders" time="3.252" classname="com.jbk.login_page.Placeholders"/>
  <testcase name="verifyInvalidLogInErrorMessage" time="3.564" classname="com.jbk.login_page.InvalidDataError"/>
  <testcase name="verifyTitle" time="3.923" classname="com.jbk.login_page.Title"/>
  <testcase name="verifyLogoutSuccessfullyMessage" time="7.527" classname="com.jbk.login_page.LogoutSuccessfullyMessage"/>
  <testcase name="verifyBlankLogIn" time="2.916" classname="com.jbk.login_page.BlankDataError"/>
  <testcase name="verifyRegisterLink" time="3.285" classname="com.jbk.login_page.RegisterLink"/>
</testsuite> <!-- ATest -->
