<?xml version="1.0" encoding="UTF-8"?>
<!-- Generated by org.testng.reporters.JUnitXMLReporter -->
<testsuite hostname="LAPTOP-COQHVDGR" ignored="0" name="JBK" tests="3" failures="0" timestamp="02 May 2021 14:38:58 GMT" time="0.123" errors="0">
  <testcase name="verifyUrl" time="0.02" classname="com.JBK_1.Registration_Page"/>
  <testcase name="verifyUrl" time="0.022" classname="com.JBK_1.Log_In_Page"/>
  <testcase name="verifyUrl" time="0.014" classname="com.JBK_1.Dashboard_Page"/>
</testsuite> <!-- JBK -->
